Arguments: 
  /usr/local/bin/node /usr/local/Cellar/yarn/1.5.1_1/libexec/bin/yarn.js add babel-alias-quokka-plugin

PATH: 
  /Library/Frameworks/Python.framework/Versions/3.7/bin:/usr/local/bin:/usr/bin:/bin:/usr/sbin:/sbin:/Applications/VMware Fusion.app/Contents/Public:/usr/local/share/dotnet:/Library/Frameworks/Mono.framework/Versions/Current/Commands

Yarn version: 
  1.5.1

Node version: 
  11.3.0

Platform: 
  darwin x64

npm manifest: 
  {
    "name": "webpack",
    "version": "1.0.0",
    "description": "Webpack",
    "main": "app.js",
    "scripts": {
      "clean": "rimraf ./dist/",
      "build": "webpack --mode production  --config webpack.config.js",
      "dev": "webpack-dev-server --mode development --open 'Google Chrome'"
    },
    "browserslist": [
      "last 2 versions",
      "IE 11",
      "Firefox ESR"
    ],
    "author": "Taras Rushchak",
    "license": "MIT",
    "devDependencies": {
      "alias-quokka-plugin": "^0.1.0",
      "autoprefixer": "^8.6.5",
      "babel-core": "^6.26.3",
      "babel-jest": "^23.6.0",
      "babel-loader": "^7.1.5",
      "babel-preset-env": "^1.7.0",
      "babel-preset-stage-3": "^6.24.1",
      "browser-sync": "^2.26.3",
      "css-loader": "^0.28.11",
      "extract-text-webpack-plugin": "^4.0.0-beta.0",
      "file-loader": "^1.1.11",
      "html-webpack-plugin": "^3.2.0",
      "image-webpack-loader": "^4.4.0",
      "jquery": "^3.3.1",
      "less": "^3.9.0",
      "less-loader": "^4.1.0",
      "node-sass": "^4.9.4",
      "optimize-css-assets-webpack-plugin": "^4.0.3",
      "path": "^0.12.7",
      "postcss-import": "^11.1.0",
      "postcss-loader": "^2.1.6",
      "purify-css": "^1.2.6",
      "purifycss-webpack": "^0.7.0",
      "resolve-url-loader": "^2.3.1",
      "rimraf": "^2.6.2",
      "run-sequence": "^2.2.1",
      "sass-loader": "^7.1.0",
      "style-loader": "^0.21.0",
      "svg-inline-loader": "^0.8.0",
      "uglifyjs-webpack-plugin": "^1.3.0",
      "url-loader": "^1.1.2",
      "webpack": "^4.5.0",
      "webpack-browser-plugin": "^1.0.20",
      "webpack-bundle-analyzer": "^3.0.3",
      "webpack-cli": "^2.1.5",
      "webpack-dev-server": "^3.1.9",
      "webpack-merge": "^4.1.4"
    },
    "keywords": [],
    "dependencies": {
      "babel-plugin-transform-runtime": "^6.23.0",
      "babel-polyfill": "^6.26.0",
      "jsdom-quokka-plugin": "^1.0.13",
      "postcss": "^6.0.23",
      "ts-node": "^7.0.1"
    },
    "repository": "git@github.com:TarasKhust/UdemyJS.git"
  }

yarn manifest: 
  No manifest

Lockfile: 
  No lockfile

Trace: 
  Error: EACCES: permission denied, unlink '/Users/tarasrushchak/PhpstormProjects/yoga/node_modules/abab/package.json'
